{"name": "test_password_validation[Password < 6]", "status": "failed", "statusDetails": {"message": "AssertionError: Locator expected not to be visible\nActual value: True \nCall log:\nLocatorAssertions.not_to_be_visible with timeout 5000ms\n  - waiting for locator(\"//h1[contains(text(),'Соберите бургер')]\")\n  -   locator resolved to <h1 class=\"text text_type_main-large mb-5 mt-10\">Соберите бургер</h1>\n  -   unexpected value \"visible\"\n  -   locator resolved to <h1 class=\"text text_type_main-large mb-5 mt-10\">Соберите бургер</h1>\n  -   unexpected value \"visible\"\n  -   locator resolved to <h1 class=\"text text_type_main-large mb-5 mt-10\">Соберите бургер</h1>\n  -   unexpected value \"visible\"\n  -   locator resolved to <h1 class=\"text text_type_main-large mb-5 mt-10\">Соберите бургер</h1>\n  -   unexpected value \"visible\"\n  -   locator resolved to <h1 class=\"text text_type_main-large mb-5 mt-10\">Соберите бургер</h1>\n  -   unexpected value \"visible\"\n  -   locator resolved to <h1 class=\"text text_type_main-large mb-5 mt-10\">Соберите бургер</h1>\n  -   unexpected value \"visible\"\n  -   locator resolved to <h1 class=\"text text_type_main-large mb-5 mt-10\">Соберите бургер</h1>\n  -   unexpected value \"visible\"\n  -   locator resolved to <h1 class=\"text text_type_main-large mb-5 mt-10\">Соберите бургер</h1>\n  -   unexpected value \"visible\"\n  -   locator resolved to <h1 class=\"text text_type_main-large mb-5 mt-10\">Соберите бургер</h1>\n  -   unexpected value \"visible\"", "trace": "login_page = <Page url='https://stellarburgers.nomoreparties.site/'>\nregister = <api.user.USER object at 0x7fad157b6550>, name = 'gregory89'\nmail = 'haleysteven@example.com', pwd = '$_5EB', exp = 404\n\n>   ???\nE   AssertionError: Locator expected not to be visible\nE   Actual value: True \nE   Call log:\nE   LocatorAssertions.not_to_be_visible with timeout 5000ms\nE     - waiting for locator(\"//h1[contains(text(),'Соберите бургер')]\")\nE     -   locator resolved to <h1 class=\"text text_type_main-large mb-5 mt-10\">Соберите бургер</h1>\nE     -   unexpected value \"visible\"\nE     -   locator resolved to <h1 class=\"text text_type_main-large mb-5 mt-10\">Соберите бургер</h1>\nE     -   unexpected value \"visible\"\nE     -   locator resolved to <h1 class=\"text text_type_main-large mb-5 mt-10\">Соберите бургер</h1>\nE     -   unexpected value \"visible\"\nE     -   locator resolved to <h1 class=\"text text_type_main-large mb-5 mt-10\">Соберите бургер</h1>\nE     -   unexpected value \"visible\"\nE     -   locator resolved to <h1 class=\"text text_type_main-large mb-5 mt-10\">Соберите бургер</h1>\nE     -   unexpected value \"visible\"\nE     -   locator resolved to <h1 class=\"text text_type_main-large mb-5 mt-10\">Соберите бургер</h1>\nE     -   unexpected value \"visible\"\nE     -   locator resolved to <h1 class=\"text text_type_main-large mb-5 mt-10\">Соберите бургер</h1>\nE     -   unexpected value \"visible\"\nE     -   locator resolved to <h1 class=\"text text_type_main-large mb-5 mt-10\">Соберите бургер</h1>\nE     -   unexpected value \"visible\"\nE     -   locator resolved to <h1 class=\"text text_type_main-large mb-5 mt-10\">Соберите бургер</h1>\nE     -   unexpected value \"visible\"\n\n/Users/fimasmf/Develop/STELLAR_BURGERS_PLAYWRIGHT/tests/tests_integration/test_registration.py:40: AssertionError"}, "description": "Verify UI SignIn with different API password registration.", "steps": [{"name": "Set user registration data_models", "status": "passed", "parameters": [{"name": "name", "value": "'gregory89'"}, {"name": "mail", "value": "'haleysteven@example.com'"}, {"name": "pwd", "value": "'$_5EB'"}], "start": 1718375299569, "stop": 1718375299570}, {"name": "Send POST register request", "status": "passed", "attachments": [{"name": "Request Info", "source": "bb0e27e8-30c6-40ad-a074-b9c57a6d6639-attachment.txt", "type": "text/plain"}, {"name": "api Response", "source": "af1623da-9968-4336-afb0-32cfcd82996e-attachment.json", "type": "application/json"}], "start": 1718375299570, "stop": 1718375299938}, {"name": "Fill Email field", "status": "passed", "start": 1718375300942, "stop": 1718375300994}, {"name": "Fill PASSWORD field", "status": "passed", "start": 1718375300994, "stop": 1718375301036}, {"name": "Click Entry button", "status": "passed", "start": 1718375301036, "stop": 1718375301124}, {"name": "Double check SignIn with invalid pwd", "status": "failed", "statusDetails": {"message": "AssertionError: Locator expected not to be visible\nActual value: True \nCall log:\nLocatorAssertions.not_to_be_visible with timeout 5000ms\n  - waiting for locator(\"//h1[contains(text(),'Соберите бургер')]\")\n  -   locator resolved to <h1 class=\"text text_type_main-large mb-5 mt-10\">Соберите бургер</h1>\n  -   unexpected value \"visible\"\n  -   locator resolved to <h1 class=\"text text_type_main-large mb-5 mt-10\">Соберите бургер</h1>\n  -   unexpected value \"visible\"\n  -   locator resolved to <h1 class=\"text text_type_main-large mb-5 mt-10\">Соберите бургер</h1>\n  -   unexpected value \"visible\"\n  -   locator resolved to <h1 class=\"text text_type_main-large mb-5 mt-10\">Соберите бургер</h1>\n  -   unexpected value \"visible\"\n  -   locator resolved to <h1 class=\"text text_type_main-large mb-5 mt-10\">Соберите бургер</h1>\n  -   unexpected value \"visible\"\n  -   locator resolved to <h1 class=\"text text_type_main-large mb-5 mt-10\">Соберите бургер</h1>\n  -   unexpected value \"visible\"\n  -   locator resolved to <h1 class=\"text text_type_main-large mb-5 mt-10\">Соберите бургер</h1>\n  -   unexpected value \"visible\"\n  -   locator resolved to <h1 class=\"text text_type_main-large mb-5 mt-10\">Соберите бургер</h1>\n  -   unexpected value \"visible\"\n  -   locator resolved to <h1 class=\"text text_type_main-large mb-5 mt-10\">Соберите бургер</h1>\n  -   unexpected value \"visible\"\n\n", "trace": "  File \"/Users/fimasmf/Develop/STELLAR_BURGERS_PLAYWRIGHT/tests/tests_integration/test_registration.py\", line 40, in test_password_validation\n  File \"/usr/local/lib/python3.11/site-packages/playwright/sync_api/_generated.py\", line 20924, in not_to_be_visible\n    self._sync(\n  File \"/usr/local/lib/python3.11/site-packages/playwright/_impl/_sync_base.py\", line 115, in _sync\n    return task.result()\n           ^^^^^^^^^^^^^\n  File \"/usr/local/lib/python3.11/site-packages/playwright/_impl/_assertions.py\", line 667, in not_to_be_visible\n    await self._not.to_be_visible(visible, timeout)\n  File \"/usr/local/lib/python3.11/site-packages/playwright/_impl/_assertions.py\", line 654, in to_be_visible\n    await self._expect_impl(\n  File \"/usr/local/lib/python3.11/site-packages/playwright/_impl/_assertions.py\", line 70, in _expect_impl\n    raise AssertionError(\n"}, "start": 1718375302126, "stop": 1718375309209}], "parameters": [{"name": "name", "value": "'gregory89'"}, {"name": "mail", "value": "'haleysteven@example.com'"}, {"name": "pwd", "value": "'$_5EB'"}, {"name": "exp", "value": "404"}], "start": 1718375299569, "stop": 1718375309210, "uuid": "2596ed49-1c13-44dd-b4eb-b049c601e40d", "historyId": "9b77e5e08e4df9a6841d91a5a9cc7ad5", "testCaseId": "fdc0ea1de8adcb81516b98f09bd05557", "fullName": "tests_integration.test_registration#test_password_validation", "labels": [{"name": "parentSuite", "value": "tests_integration"}, {"name": "suite", "value": "test_registration"}, {"name": "host", "value": "3216da20ecce"}, {"name": "thread", "value": "8-MainThread"}, {"name": "framework", "value": "pytest"}, {"name": "language", "value": "cpython3"}, {"name": "package", "value": "tests_integration.test_registration"}]}