{
  "uid" : "32c67d259bef1b0e",
  "name" : "test_register_name_validation[User post_login with 10 digits]",
  "fullName" : "tests_ui.test_registration_page#test_register_name_validation",
  "historyId" : "4a655805978262c559e2c99659851e50",
  "time" : {
    "start" : 1718459515264,
    "stop" : 1718459521369,
    "duration" : 6105
  },
  "description" : "Verify registration with a different invalid name values.",
  "descriptionHtml" : "<p>Verify registration with a different invalid name values.</p>\n",
  "status" : "failed",
  "statusMessage" : "AssertionError: Locator expected not to be visible\nActual value: True \nCall log:\nLocatorAssertions.not_to_be_visible with timeout 5000ms\n  - waiting for locator(\"//h2[contains(text(), 'Вход')]\")\n  -   locator resolved to <h2>Вход</h2>\n  -   unexpected value \"visible\"\n  -   locator resolved to <h2>Вход</h2>\n  -   unexpected value \"visible\"\n  -   locator resolved to <h2>Вход</h2>\n  -   unexpected value \"visible\"\n  -   locator resolved to <h2>Вход</h2>\n  -   unexpected value \"visible\"\n  -   locator resolved to <h2>Вход</h2>\n  -   unexpected value \"visible\"\n  -   locator resolved to <h2>Вход</h2>\n  -   unexpected value \"visible\"\n  -   locator resolved to <h2>Вход</h2>\n  -   unexpected value \"visible\"\n  -   locator resolved to <h2>Вход</h2>\n  -   unexpected value \"visible\"\n  -   locator resolved to <h2>Вход</h2>\n  -   unexpected value \"visible\"",
  "statusTrace" : "register_page = <Page url='https://stellarburgers.nomoreparties.site/login'>\nname = '3115407199', mail = 'darcher@example.com', pwd = '()7ers'\n\n    @pytest.mark.parametrize(\"name, mail, pwd\", name_validation)\n    def test_register_name_validation(register_page, name, mail, pwd):\n        \"\"\"Verify registration with a different invalid name values.\"\"\"\n        REGISTER.set_register_fields(register_page, name, mail, pwd)\n    \n        with allure.step(\"User stays at Registration page.\"):\n>           expect(register_page.locator(LOGIN.TOP_TITLE)).not_to_be_visible()\nE           AssertionError: Locator expected not to be visible\nE           Actual value: True \nE           Call log:\nE           LocatorAssertions.not_to_be_visible with timeout 5000ms\nE             - waiting for locator(\"//h2[contains(text(), 'Вход')]\")\nE             -   locator resolved to <h2>Вход</h2>\nE             -   unexpected value \"visible\"\nE             -   locator resolved to <h2>Вход</h2>\nE             -   unexpected value \"visible\"\nE             -   locator resolved to <h2>Вход</h2>\nE             -   unexpected value \"visible\"\nE             -   locator resolved to <h2>Вход</h2>\nE             -   unexpected value \"visible\"\nE             -   locator resolved to <h2>Вход</h2>\nE             -   unexpected value \"visible\"\nE             -   locator resolved to <h2>Вход</h2>\nE             -   unexpected value \"visible\"\nE             -   locator resolved to <h2>Вход</h2>\nE             -   unexpected value \"visible\"\nE             -   locator resolved to <h2>Вход</h2>\nE             -   unexpected value \"visible\"\nE             -   locator resolved to <h2>Вход</h2>\nE             -   unexpected value \"visible\"\n\ntests/tests_ui/test_registration_page.py:124: AssertionError",
  "flaky" : false,
  "newFailed" : false,
  "beforeStages" : [ {
    "name" : "pytestconfig",
    "time" : {
      "start" : 1718458550623,
      "stop" : 1718458550623,
      "duration" : 0
    },
    "status" : "passed",
    "steps" : [ ],
    "attachments" : [ ],
    "parameters" : [ ],
    "stepsCount" : 0,
    "attachmentsCount" : 0,
    "shouldDisplayMessage" : false,
    "hasContent" : false
  }, {
    "name" : "_session_faker",
    "time" : {
      "start" : 1718458550624,
      "stop" : 1718458550646,
      "duration" : 22
    },
    "status" : "passed",
    "steps" : [ ],
    "attachments" : [ ],
    "parameters" : [ ],
    "stepsCount" : 0,
    "attachmentsCount" : 0,
    "shouldDisplayMessage" : false,
    "hasContent" : false
  }, {
    "name" : "page_browser",
    "time" : {
      "start" : 1718459513687,
      "stop" : 1718459514781,
      "duration" : 1094
    },
    "status" : "passed",
    "steps" : [ {
      "name" : "Go to site",
      "time" : {
        "start" : 1718459514081,
        "stop" : 1718459514781,
        "duration" : 700
      },
      "status" : "passed",
      "steps" : [ ],
      "attachments" : [ ],
      "parameters" : [ ],
      "stepsCount" : 0,
      "attachmentsCount" : 0,
      "shouldDisplayMessage" : false,
      "hasContent" : false
    } ],
    "attachments" : [ ],
    "parameters" : [ ],
    "stepsCount" : 1,
    "attachmentsCount" : 0,
    "shouldDisplayMessage" : false,
    "hasContent" : true
  }, {
    "name" : "register_page",
    "time" : {
      "start" : 1718459514781,
      "stop" : 1718459515263,
      "duration" : 482
    },
    "status" : "passed",
    "steps" : [ {
      "name" : "Click Account button on Header",
      "time" : {
        "start" : 1718459514781,
        "stop" : 1718459515226,
        "duration" : 445
      },
      "status" : "passed",
      "steps" : [ ],
      "attachments" : [ ],
      "parameters" : [ ],
      "stepsCount" : 0,
      "attachmentsCount" : 0,
      "shouldDisplayMessage" : false,
      "hasContent" : false
    }, {
      "name" : "Click Registration link",
      "time" : {
        "start" : 1718459515227,
        "stop" : 1718459515263,
        "duration" : 36
      },
      "status" : "passed",
      "steps" : [ ],
      "attachments" : [ ],
      "parameters" : [ ],
      "stepsCount" : 0,
      "attachmentsCount" : 0,
      "shouldDisplayMessage" : false,
      "hasContent" : false
    } ],
    "attachments" : [ ],
    "parameters" : [ ],
    "stepsCount" : 2,
    "attachmentsCount" : 0,
    "shouldDisplayMessage" : false,
    "hasContent" : true
  }, {
    "name" : "base_url",
    "time" : {
      "start" : 1718458550623,
      "stop" : 1718458550623,
      "duration" : 0
    },
    "status" : "passed",
    "steps" : [ ],
    "attachments" : [ ],
    "parameters" : [ ],
    "stepsCount" : 0,
    "attachmentsCount" : 0,
    "shouldDisplayMessage" : false,
    "hasContent" : false
  }, {
    "name" : "_verify_url",
    "time" : {
      "start" : 1718458550623,
      "stop" : 1718458550623,
      "duration" : 0
    },
    "status" : "passed",
    "steps" : [ ],
    "attachments" : [ ],
    "parameters" : [ ],
    "stepsCount" : 0,
    "attachmentsCount" : 0,
    "shouldDisplayMessage" : false,
    "hasContent" : false
  }, {
    "name" : "delete_output_dir",
    "time" : {
      "start" : 1718458550623,
      "stop" : 1718458550623,
      "duration" : 0
    },
    "status" : "passed",
    "steps" : [ ],
    "attachments" : [ ],
    "parameters" : [ ],
    "stepsCount" : 0,
    "attachmentsCount" : 0,
    "shouldDisplayMessage" : false,
    "hasContent" : false
  } ],
  "testStage" : {
    "description" : "Verify registration with a different invalid name values.",
    "status" : "failed",
    "statusMessage" : "AssertionError: Locator expected not to be visible\nActual value: True \nCall log:\nLocatorAssertions.not_to_be_visible with timeout 5000ms\n  - waiting for locator(\"//h2[contains(text(), 'Вход')]\")\n  -   locator resolved to <h2>Вход</h2>\n  -   unexpected value \"visible\"\n  -   locator resolved to <h2>Вход</h2>\n  -   unexpected value \"visible\"\n  -   locator resolved to <h2>Вход</h2>\n  -   unexpected value \"visible\"\n  -   locator resolved to <h2>Вход</h2>\n  -   unexpected value \"visible\"\n  -   locator resolved to <h2>Вход</h2>\n  -   unexpected value \"visible\"\n  -   locator resolved to <h2>Вход</h2>\n  -   unexpected value \"visible\"\n  -   locator resolved to <h2>Вход</h2>\n  -   unexpected value \"visible\"\n  -   locator resolved to <h2>Вход</h2>\n  -   unexpected value \"visible\"\n  -   locator resolved to <h2>Вход</h2>\n  -   unexpected value \"visible\"",
    "statusTrace" : "register_page = <Page url='https://stellarburgers.nomoreparties.site/login'>\nname = '3115407199', mail = 'darcher@example.com', pwd = '()7ers'\n\n    @pytest.mark.parametrize(\"name, mail, pwd\", name_validation)\n    def test_register_name_validation(register_page, name, mail, pwd):\n        \"\"\"Verify registration with a different invalid name values.\"\"\"\n        REGISTER.set_register_fields(register_page, name, mail, pwd)\n    \n        with allure.step(\"User stays at Registration page.\"):\n>           expect(register_page.locator(LOGIN.TOP_TITLE)).not_to_be_visible()\nE           AssertionError: Locator expected not to be visible\nE           Actual value: True \nE           Call log:\nE           LocatorAssertions.not_to_be_visible with timeout 5000ms\nE             - waiting for locator(\"//h2[contains(text(), 'Вход')]\")\nE             -   locator resolved to <h2>Вход</h2>\nE             -   unexpected value \"visible\"\nE             -   locator resolved to <h2>Вход</h2>\nE             -   unexpected value \"visible\"\nE             -   locator resolved to <h2>Вход</h2>\nE             -   unexpected value \"visible\"\nE             -   locator resolved to <h2>Вход</h2>\nE             -   unexpected value \"visible\"\nE             -   locator resolved to <h2>Вход</h2>\nE             -   unexpected value \"visible\"\nE             -   locator resolved to <h2>Вход</h2>\nE             -   unexpected value \"visible\"\nE             -   locator resolved to <h2>Вход</h2>\nE             -   unexpected value \"visible\"\nE             -   locator resolved to <h2>Вход</h2>\nE             -   unexpected value \"visible\"\nE             -   locator resolved to <h2>Вход</h2>\nE             -   unexpected value \"visible\"\n\ntests/tests_ui/test_registration_page.py:124: AssertionError",
    "steps" : [ {
      "name" : "Fill in Login field",
      "time" : {
        "start" : 1718459515264,
        "stop" : 1718459515285,
        "duration" : 21
      },
      "status" : "passed",
      "steps" : [ ],
      "attachments" : [ ],
      "parameters" : [ ],
      "stepsCount" : 0,
      "attachmentsCount" : 0,
      "shouldDisplayMessage" : false,
      "hasContent" : false
    }, {
      "name" : "Fill in Email field",
      "time" : {
        "start" : 1718459515285,
        "stop" : 1718459515300,
        "duration" : 15
      },
      "status" : "passed",
      "steps" : [ ],
      "attachments" : [ ],
      "parameters" : [ ],
      "stepsCount" : 0,
      "attachmentsCount" : 0,
      "shouldDisplayMessage" : false,
      "hasContent" : false
    }, {
      "name" : "Fill in Password field",
      "time" : {
        "start" : 1718459515300,
        "stop" : 1718459515312,
        "duration" : 12
      },
      "status" : "passed",
      "steps" : [ ],
      "attachments" : [ ],
      "parameters" : [ ],
      "stepsCount" : 0,
      "attachmentsCount" : 0,
      "shouldDisplayMessage" : false,
      "hasContent" : false
    }, {
      "name" : "Click Registration button",
      "time" : {
        "start" : 1718459515312,
        "stop" : 1718459516363,
        "duration" : 1051
      },
      "status" : "passed",
      "steps" : [ ],
      "attachments" : [ ],
      "parameters" : [ ],
      "stepsCount" : 0,
      "attachmentsCount" : 0,
      "shouldDisplayMessage" : false,
      "hasContent" : false
    }, {
      "name" : "User stays at Registration page.",
      "time" : {
        "start" : 1718459516363,
        "stop" : 1718459521368,
        "duration" : 5005
      },
      "status" : "failed",
      "statusMessage" : "AssertionError: Locator expected not to be visible\nActual value: True \nCall log:\nLocatorAssertions.not_to_be_visible with timeout 5000ms\n  - waiting for locator(\"//h2[contains(text(), 'Вход')]\")\n  -   locator resolved to <h2>Вход</h2>\n  -   unexpected value \"visible\"\n  -   locator resolved to <h2>Вход</h2>\n  -   unexpected value \"visible\"\n  -   locator resolved to <h2>Вход</h2>\n  -   unexpected value \"visible\"\n  -   locator resolved to <h2>Вход</h2>\n  -   unexpected value \"visible\"\n  -   locator resolved to <h2>Вход</h2>\n  -   unexpected value \"visible\"\n  -   locator resolved to <h2>Вход</h2>\n  -   unexpected value \"visible\"\n  -   locator resolved to <h2>Вход</h2>\n  -   unexpected value \"visible\"\n  -   locator resolved to <h2>Вход</h2>\n  -   unexpected value \"visible\"\n  -   locator resolved to <h2>Вход</h2>\n  -   unexpected value \"visible\"\n\n",
      "statusTrace" : "  File \"/usr/workspace/tests/tests_ui/test_registration_page.py\", line 124, in test_register_name_validation\n    expect(register_page.locator(LOGIN.TOP_TITLE)).not_to_be_visible()\n  File \"/usr/local/lib/python3.11/site-packages/playwright/sync_api/_generated.py\", line 20924, in not_to_be_visible\n    self._sync(\n  File \"/usr/local/lib/python3.11/site-packages/playwright/_impl/_sync_base.py\", line 115, in _sync\n    return task.result()\n           ^^^^^^^^^^^^^\n  File \"/usr/local/lib/python3.11/site-packages/playwright/_impl/_assertions.py\", line 667, in not_to_be_visible\n    await self._not.to_be_visible(visible, timeout)\n  File \"/usr/local/lib/python3.11/site-packages/playwright/_impl/_assertions.py\", line 654, in to_be_visible\n    await self._expect_impl(\n  File \"/usr/local/lib/python3.11/site-packages/playwright/_impl/_assertions.py\", line 70, in _expect_impl\n    raise AssertionError(\n",
      "steps" : [ ],
      "attachments" : [ ],
      "parameters" : [ ],
      "stepsCount" : 0,
      "attachmentsCount" : 0,
      "shouldDisplayMessage" : true,
      "hasContent" : true
    } ],
    "attachments" : [ ],
    "parameters" : [ ],
    "stepsCount" : 5,
    "attachmentsCount" : 0,
    "shouldDisplayMessage" : true,
    "hasContent" : true
  },
  "afterStages" : [ {
    "name" : "page_browser::0",
    "time" : {
      "start" : 1718459521373,
      "stop" : 1718459521522,
      "duration" : 149
    },
    "status" : "passed",
    "steps" : [ ],
    "attachments" : [ {
      "uid" : "2af3d8490f5e59fe",
      "name" : "Screenshot_2024-06-15 13:52:01.469493",
      "source" : "2af3d8490f5e59fe.png",
      "type" : "image/png",
      "size" : 45425
    } ],
    "parameters" : [ ],
    "stepsCount" : 0,
    "attachmentsCount" : 1,
    "shouldDisplayMessage" : false,
    "hasContent" : true
  } ],
  "labels" : [ {
    "name" : "parentSuite",
    "value" : "tests_ui"
  }, {
    "name" : "suite",
    "value" : "test_registration_page"
  }, {
    "name" : "host",
    "value" : "8c6f236140c2"
  }, {
    "name" : "thread",
    "value" : "8-MainThread"
  }, {
    "name" : "framework",
    "value" : "pytest"
  }, {
    "name" : "language",
    "value" : "cpython3"
  }, {
    "name" : "package",
    "value" : "tests_ui.test_registration_page"
  }, {
    "name" : "resultFormat",
    "value" : "allure2"
  } ],
  "parameters" : [ {
    "name" : "mail",
    "value" : "'darcher@example.com'"
  }, {
    "name" : "name",
    "value" : "'3115407199'"
  }, {
    "name" : "pwd",
    "value" : "'()7ers'"
  } ],
  "links" : [ ],
  "hidden" : false,
  "retry" : false,
  "extra" : {
    "severity" : "normal",
    "retries" : [ ],
    "categories" : [ {
      "name" : "Product defects",
      "matchedStatuses" : [ ],
      "flaky" : false
    } ],
    "tags" : [ ]
  },
  "source" : "32c67d259bef1b0e.json",
  "parameterValues" : [ "'darcher@example.com'", "'3115407199'", "'()7ers'" ]
}