{
  "uid" : "671f7d041307f84d",
  "name" : "test_register_name_validation[User post_login with 3 strings]",
  "fullName" : "tests_ui.test_registration_page#test_register_name_validation",
  "historyId" : "1d2420af24add42bdab8a704400a6ca3",
  "time" : {
    "start" : 1718457681775,
    "stop" : 1718457687862,
    "duration" : 6087
  },
  "description" : "Verify registration with a different invalid name values.",
  "descriptionHtml" : "<p>Verify registration with a different invalid name values.</p>\n",
  "status" : "failed",
  "statusMessage" : "AssertionError: Locator expected not to be visible\nActual value: True \nCall log:\nLocatorAssertions.not_to_be_visible with timeout 5000ms\n  - waiting for locator(\"//h2[contains(text(), 'Вход')]\")\n  -   locator resolved to <h2>Вход</h2>\n  -   unexpected value \"visible\"\n  -   locator resolved to <h2>Вход</h2>\n  -   unexpected value \"visible\"\n  -   locator resolved to <h2>Вход</h2>\n  -   unexpected value \"visible\"\n  -   locator resolved to <h2>Вход</h2>\n  -   unexpected value \"visible\"\n  -   locator resolved to <h2>Вход</h2>\n  -   unexpected value \"visible\"\n  -   locator resolved to <h2>Вход</h2>\n  -   unexpected value \"visible\"\n  -   locator resolved to <h2>Вход</h2>\n  -   unexpected value \"visible\"\n  -   locator resolved to <h2>Вход</h2>\n  -   unexpected value \"visible\"\n  -   locator resolved to <h2>Вход</h2>\n  -   unexpected value \"visible\"",
  "statusTrace" : "register_page = <Page url='https://stellarburgers.nomoreparties.site/login'>\nname = 'lawyer radio hope', mail = 'madisonpetersen@example.org', pwd = '#9eYhm'\n\n    @pytest.mark.parametrize(\"name, mail, pwd\", name_validation)\n    def test_register_name_validation(register_page, name, mail, pwd):\n        \"\"\"Verify registration with a different invalid name values.\"\"\"\n        REGISTER.set_register_fields(register_page, name, mail, pwd)\n    \n        with allure.step(\"User stays at Registration page.\"):\n>           expect(register_page.locator(LOGIN.TOP_TITLE)).not_to_be_visible()\nE           AssertionError: Locator expected not to be visible\nE           Actual value: True \nE           Call log:\nE           LocatorAssertions.not_to_be_visible with timeout 5000ms\nE             - waiting for locator(\"//h2[contains(text(), 'Вход')]\")\nE             -   locator resolved to <h2>Вход</h2>\nE             -   unexpected value \"visible\"\nE             -   locator resolved to <h2>Вход</h2>\nE             -   unexpected value \"visible\"\nE             -   locator resolved to <h2>Вход</h2>\nE             -   unexpected value \"visible\"\nE             -   locator resolved to <h2>Вход</h2>\nE             -   unexpected value \"visible\"\nE             -   locator resolved to <h2>Вход</h2>\nE             -   unexpected value \"visible\"\nE             -   locator resolved to <h2>Вход</h2>\nE             -   unexpected value \"visible\"\nE             -   locator resolved to <h2>Вход</h2>\nE             -   unexpected value \"visible\"\nE             -   locator resolved to <h2>Вход</h2>\nE             -   unexpected value \"visible\"\nE             -   locator resolved to <h2>Вход</h2>\nE             -   unexpected value \"visible\"\n\ntests/tests_ui/test_registration_page.py:124: AssertionError",
  "flaky" : false,
  "newFailed" : false,
  "beforeStages" : [ {
    "name" : "base_url",
    "time" : {
      "start" : 1718457148702,
      "stop" : 1718457148702,
      "duration" : 0
    },
    "status" : "passed",
    "steps" : [ ],
    "attachments" : [ ],
    "parameters" : [ ],
    "stepsCount" : 0,
    "attachmentsCount" : 0,
    "shouldDisplayMessage" : false,
    "hasContent" : false
  }, {
    "name" : "register_page",
    "time" : {
      "start" : 1718457681297,
      "stop" : 1718457681774,
      "duration" : 477
    },
    "status" : "passed",
    "steps" : [ {
      "name" : "Click Account button on Header",
      "time" : {
        "start" : 1718457681297,
        "stop" : 1718457681737,
        "duration" : 440
      },
      "status" : "passed",
      "steps" : [ ],
      "attachments" : [ ],
      "parameters" : [ ],
      "stepsCount" : 0,
      "attachmentsCount" : 0,
      "shouldDisplayMessage" : false,
      "hasContent" : false
    }, {
      "name" : "Click Registration link",
      "time" : {
        "start" : 1718457681737,
        "stop" : 1718457681774,
        "duration" : 37
      },
      "status" : "passed",
      "steps" : [ ],
      "attachments" : [ ],
      "parameters" : [ ],
      "stepsCount" : 0,
      "attachmentsCount" : 0,
      "shouldDisplayMessage" : false,
      "hasContent" : false
    } ],
    "attachments" : [ ],
    "parameters" : [ ],
    "stepsCount" : 2,
    "attachmentsCount" : 0,
    "shouldDisplayMessage" : false,
    "hasContent" : true
  }, {
    "name" : "_session_faker",
    "time" : {
      "start" : 1718457148702,
      "stop" : 1718457148724,
      "duration" : 22
    },
    "status" : "passed",
    "steps" : [ ],
    "attachments" : [ ],
    "parameters" : [ ],
    "stepsCount" : 0,
    "attachmentsCount" : 0,
    "shouldDisplayMessage" : false,
    "hasContent" : false
  }, {
    "name" : "page_browser",
    "time" : {
      "start" : 1718457680332,
      "stop" : 1718457681297,
      "duration" : 965
    },
    "status" : "passed",
    "steps" : [ {
      "name" : "Go to site",
      "time" : {
        "start" : 1718457680732,
        "stop" : 1718457681297,
        "duration" : 565
      },
      "status" : "passed",
      "steps" : [ ],
      "attachments" : [ ],
      "parameters" : [ ],
      "stepsCount" : 0,
      "attachmentsCount" : 0,
      "shouldDisplayMessage" : false,
      "hasContent" : false
    } ],
    "attachments" : [ ],
    "parameters" : [ ],
    "stepsCount" : 1,
    "attachmentsCount" : 0,
    "shouldDisplayMessage" : false,
    "hasContent" : true
  }, {
    "name" : "pytestconfig",
    "time" : {
      "start" : 1718457148702,
      "stop" : 1718457148702,
      "duration" : 0
    },
    "status" : "passed",
    "steps" : [ ],
    "attachments" : [ ],
    "parameters" : [ ],
    "stepsCount" : 0,
    "attachmentsCount" : 0,
    "shouldDisplayMessage" : false,
    "hasContent" : false
  }, {
    "name" : "delete_output_dir",
    "time" : {
      "start" : 1718457148702,
      "stop" : 1718457148702,
      "duration" : 0
    },
    "status" : "passed",
    "steps" : [ ],
    "attachments" : [ ],
    "parameters" : [ ],
    "stepsCount" : 0,
    "attachmentsCount" : 0,
    "shouldDisplayMessage" : false,
    "hasContent" : false
  }, {
    "name" : "_verify_url",
    "time" : {
      "start" : 1718457148702,
      "stop" : 1718457148702,
      "duration" : 0
    },
    "status" : "passed",
    "steps" : [ ],
    "attachments" : [ ],
    "parameters" : [ ],
    "stepsCount" : 0,
    "attachmentsCount" : 0,
    "shouldDisplayMessage" : false,
    "hasContent" : false
  } ],
  "testStage" : {
    "description" : "Verify registration with a different invalid name values.",
    "status" : "failed",
    "statusMessage" : "AssertionError: Locator expected not to be visible\nActual value: True \nCall log:\nLocatorAssertions.not_to_be_visible with timeout 5000ms\n  - waiting for locator(\"//h2[contains(text(), 'Вход')]\")\n  -   locator resolved to <h2>Вход</h2>\n  -   unexpected value \"visible\"\n  -   locator resolved to <h2>Вход</h2>\n  -   unexpected value \"visible\"\n  -   locator resolved to <h2>Вход</h2>\n  -   unexpected value \"visible\"\n  -   locator resolved to <h2>Вход</h2>\n  -   unexpected value \"visible\"\n  -   locator resolved to <h2>Вход</h2>\n  -   unexpected value \"visible\"\n  -   locator resolved to <h2>Вход</h2>\n  -   unexpected value \"visible\"\n  -   locator resolved to <h2>Вход</h2>\n  -   unexpected value \"visible\"\n  -   locator resolved to <h2>Вход</h2>\n  -   unexpected value \"visible\"\n  -   locator resolved to <h2>Вход</h2>\n  -   unexpected value \"visible\"",
    "statusTrace" : "register_page = <Page url='https://stellarburgers.nomoreparties.site/login'>\nname = 'lawyer radio hope', mail = 'madisonpetersen@example.org', pwd = '#9eYhm'\n\n    @pytest.mark.parametrize(\"name, mail, pwd\", name_validation)\n    def test_register_name_validation(register_page, name, mail, pwd):\n        \"\"\"Verify registration with a different invalid name values.\"\"\"\n        REGISTER.set_register_fields(register_page, name, mail, pwd)\n    \n        with allure.step(\"User stays at Registration page.\"):\n>           expect(register_page.locator(LOGIN.TOP_TITLE)).not_to_be_visible()\nE           AssertionError: Locator expected not to be visible\nE           Actual value: True \nE           Call log:\nE           LocatorAssertions.not_to_be_visible with timeout 5000ms\nE             - waiting for locator(\"//h2[contains(text(), 'Вход')]\")\nE             -   locator resolved to <h2>Вход</h2>\nE             -   unexpected value \"visible\"\nE             -   locator resolved to <h2>Вход</h2>\nE             -   unexpected value \"visible\"\nE             -   locator resolved to <h2>Вход</h2>\nE             -   unexpected value \"visible\"\nE             -   locator resolved to <h2>Вход</h2>\nE             -   unexpected value \"visible\"\nE             -   locator resolved to <h2>Вход</h2>\nE             -   unexpected value \"visible\"\nE             -   locator resolved to <h2>Вход</h2>\nE             -   unexpected value \"visible\"\nE             -   locator resolved to <h2>Вход</h2>\nE             -   unexpected value \"visible\"\nE             -   locator resolved to <h2>Вход</h2>\nE             -   unexpected value \"visible\"\nE             -   locator resolved to <h2>Вход</h2>\nE             -   unexpected value \"visible\"\n\ntests/tests_ui/test_registration_page.py:124: AssertionError",
    "steps" : [ {
      "name" : "Fill in Login field",
      "time" : {
        "start" : 1718457681775,
        "stop" : 1718457681794,
        "duration" : 19
      },
      "status" : "passed",
      "steps" : [ ],
      "attachments" : [ ],
      "parameters" : [ ],
      "stepsCount" : 0,
      "attachmentsCount" : 0,
      "shouldDisplayMessage" : false,
      "hasContent" : false
    }, {
      "name" : "Fill in Email field",
      "time" : {
        "start" : 1718457681794,
        "stop" : 1718457681807,
        "duration" : 13
      },
      "status" : "passed",
      "steps" : [ ],
      "attachments" : [ ],
      "parameters" : [ ],
      "stepsCount" : 0,
      "attachmentsCount" : 0,
      "shouldDisplayMessage" : false,
      "hasContent" : false
    }, {
      "name" : "Fill in Password field",
      "time" : {
        "start" : 1718457681807,
        "stop" : 1718457681821,
        "duration" : 14
      },
      "status" : "passed",
      "steps" : [ ],
      "attachments" : [ ],
      "parameters" : [ ],
      "stepsCount" : 0,
      "attachmentsCount" : 0,
      "shouldDisplayMessage" : false,
      "hasContent" : false
    }, {
      "name" : "Click Registration button",
      "time" : {
        "start" : 1718457681821,
        "stop" : 1718457682857,
        "duration" : 1036
      },
      "status" : "passed",
      "steps" : [ ],
      "attachments" : [ ],
      "parameters" : [ ],
      "stepsCount" : 0,
      "attachmentsCount" : 0,
      "shouldDisplayMessage" : false,
      "hasContent" : false
    }, {
      "name" : "User stays at Registration page.",
      "time" : {
        "start" : 1718457682857,
        "stop" : 1718457687861,
        "duration" : 5004
      },
      "status" : "failed",
      "statusMessage" : "AssertionError: Locator expected not to be visible\nActual value: True \nCall log:\nLocatorAssertions.not_to_be_visible with timeout 5000ms\n  - waiting for locator(\"//h2[contains(text(), 'Вход')]\")\n  -   locator resolved to <h2>Вход</h2>\n  -   unexpected value \"visible\"\n  -   locator resolved to <h2>Вход</h2>\n  -   unexpected value \"visible\"\n  -   locator resolved to <h2>Вход</h2>\n  -   unexpected value \"visible\"\n  -   locator resolved to <h2>Вход</h2>\n  -   unexpected value \"visible\"\n  -   locator resolved to <h2>Вход</h2>\n  -   unexpected value \"visible\"\n  -   locator resolved to <h2>Вход</h2>\n  -   unexpected value \"visible\"\n  -   locator resolved to <h2>Вход</h2>\n  -   unexpected value \"visible\"\n  -   locator resolved to <h2>Вход</h2>\n  -   unexpected value \"visible\"\n  -   locator resolved to <h2>Вход</h2>\n  -   unexpected value \"visible\"\n\n",
      "statusTrace" : "  File \"/usr/workspace/tests/tests_ui/test_registration_page.py\", line 124, in test_register_name_validation\n    expect(register_page.locator(LOGIN.TOP_TITLE)).not_to_be_visible()\n  File \"/usr/local/lib/python3.11/site-packages/playwright/sync_api/_generated.py\", line 20924, in not_to_be_visible\n    self._sync(\n  File \"/usr/local/lib/python3.11/site-packages/playwright/_impl/_sync_base.py\", line 115, in _sync\n    return task.result()\n           ^^^^^^^^^^^^^\n  File \"/usr/local/lib/python3.11/site-packages/playwright/_impl/_assertions.py\", line 667, in not_to_be_visible\n    await self._not.to_be_visible(visible, timeout)\n  File \"/usr/local/lib/python3.11/site-packages/playwright/_impl/_assertions.py\", line 654, in to_be_visible\n    await self._expect_impl(\n  File \"/usr/local/lib/python3.11/site-packages/playwright/_impl/_assertions.py\", line 70, in _expect_impl\n    raise AssertionError(\n",
      "steps" : [ ],
      "attachments" : [ ],
      "parameters" : [ ],
      "stepsCount" : 0,
      "attachmentsCount" : 0,
      "shouldDisplayMessage" : true,
      "hasContent" : true
    } ],
    "attachments" : [ ],
    "parameters" : [ ],
    "stepsCount" : 5,
    "attachmentsCount" : 0,
    "shouldDisplayMessage" : true,
    "hasContent" : true
  },
  "afterStages" : [ {
    "name" : "page_browser::0",
    "time" : {
      "start" : 1718457687867,
      "stop" : 1718457688011,
      "duration" : 144
    },
    "status" : "passed",
    "steps" : [ ],
    "attachments" : [ {
      "uid" : "a836f57d4ceb1c96",
      "name" : "Screenshot_2024-06-15 13:21:27.963454",
      "source" : "a836f57d4ceb1c96.png",
      "type" : "image/png",
      "size" : 45425
    } ],
    "parameters" : [ ],
    "stepsCount" : 0,
    "attachmentsCount" : 1,
    "shouldDisplayMessage" : false,
    "hasContent" : true
  } ],
  "labels" : [ {
    "name" : "parentSuite",
    "value" : "tests_ui"
  }, {
    "name" : "suite",
    "value" : "test_registration_page"
  }, {
    "name" : "host",
    "value" : "d3cde130b25e"
  }, {
    "name" : "thread",
    "value" : "8-MainThread"
  }, {
    "name" : "framework",
    "value" : "pytest"
  }, {
    "name" : "language",
    "value" : "cpython3"
  }, {
    "name" : "package",
    "value" : "tests_ui.test_registration_page"
  }, {
    "name" : "resultFormat",
    "value" : "allure2"
  } ],
  "parameters" : [ {
    "name" : "mail",
    "value" : "'madisonpetersen@example.org'"
  }, {
    "name" : "name",
    "value" : "'lawyer radio hope'"
  }, {
    "name" : "pwd",
    "value" : "'#9eYhm'"
  } ],
  "links" : [ ],
  "hidden" : false,
  "retry" : false,
  "extra" : {
    "severity" : "normal",
    "retries" : [ ],
    "categories" : [ {
      "name" : "Product defects",
      "matchedStatuses" : [ ],
      "flaky" : false
    } ],
    "tags" : [ ]
  },
  "source" : "671f7d041307f84d.json",
  "parameterValues" : [ "'madisonpetersen@example.org'", "'lawyer radio hope'", "'#9eYhm'" ]
}