{
  "uid" : "889339819fc68d7e",
  "name" : "test_register_name_validation[User post_login with back space string]",
  "fullName" : "tests_ui.test_registration_page#test_register_name_validation",
  "historyId" : "8a3c3d5424cfae840f6f10cacd42cf65",
  "time" : {
    "start" : 1718721022060,
    "stop" : 1718721028165,
    "duration" : 6105
  },
  "description" : "Verify registration with a different invalid name values.",
  "descriptionHtml" : "<p>Verify registration with a different invalid name values.</p>\n",
  "status" : "failed",
  "statusMessage" : "AssertionError: Locator expected not to be visible\nActual value: True \nCall log:\nLocatorAssertions.not_to_be_visible with timeout 5000ms\n  - waiting for locator(\"//h2[contains(text(), 'Вход')]\")\n  -   locator resolved to <h2>Вход</h2>\n  -   unexpected value \"visible\"\n  -   locator resolved to <h2>Вход</h2>\n  -   unexpected value \"visible\"\n  -   locator resolved to <h2>Вход</h2>\n  -   unexpected value \"visible\"\n  -   locator resolved to <h2>Вход</h2>\n  -   unexpected value \"visible\"\n  -   locator resolved to <h2>Вход</h2>\n  -   unexpected value \"visible\"\n  -   locator resolved to <h2>Вход</h2>\n  -   unexpected value \"visible\"\n  -   locator resolved to <h2>Вход</h2>\n  -   unexpected value \"visible\"\n  -   locator resolved to <h2>Вход</h2>\n  -   unexpected value \"visible\"\n  -   locator resolved to <h2>Вход</h2>\n  -   unexpected value \"visible\"",
  "statusTrace" : "register_page = <Page url='https://stellarburgers.nomoreparties.site/login'>\nname = 'write ', mail = 'juan20@example.net', pwd = '593zCR'\n\n    @pytest.mark.parametrize(\"name, mail, pwd\", name_validation)\n    def test_register_name_validation(register_page, name, mail, pwd):\n        \"\"\"Verify registration with a different invalid name values.\"\"\"\n        REGISTER.set_register_fields(register_page, name, mail, pwd)\n    \n        with allure.step(\"User stays at Registration page.\"):\n>           expect(register_page.locator(LOGIN.TOP_TITLE)).not_to_be_visible()\nE           AssertionError: Locator expected not to be visible\nE           Actual value: True \nE           Call log:\nE           LocatorAssertions.not_to_be_visible with timeout 5000ms\nE             - waiting for locator(\"//h2[contains(text(), 'Вход')]\")\nE             -   locator resolved to <h2>Вход</h2>\nE             -   unexpected value \"visible\"\nE             -   locator resolved to <h2>Вход</h2>\nE             -   unexpected value \"visible\"\nE             -   locator resolved to <h2>Вход</h2>\nE             -   unexpected value \"visible\"\nE             -   locator resolved to <h2>Вход</h2>\nE             -   unexpected value \"visible\"\nE             -   locator resolved to <h2>Вход</h2>\nE             -   unexpected value \"visible\"\nE             -   locator resolved to <h2>Вход</h2>\nE             -   unexpected value \"visible\"\nE             -   locator resolved to <h2>Вход</h2>\nE             -   unexpected value \"visible\"\nE             -   locator resolved to <h2>Вход</h2>\nE             -   unexpected value \"visible\"\nE             -   locator resolved to <h2>Вход</h2>\nE             -   unexpected value \"visible\"\n\ntests/tests_ui/test_registration_page.py:124: AssertionError",
  "flaky" : false,
  "newFailed" : false,
  "beforeStages" : [ {
    "name" : "page_browser",
    "time" : {
      "start" : 1718721020584,
      "stop" : 1718721021561,
      "duration" : 977
    },
    "status" : "passed",
    "steps" : [ {
      "name" : "Go to site",
      "time" : {
        "start" : 1718721020976,
        "stop" : 1718721021561,
        "duration" : 585
      },
      "status" : "passed",
      "steps" : [ ],
      "attachments" : [ ],
      "parameters" : [ ],
      "stepsCount" : 0,
      "attachmentsCount" : 0,
      "shouldDisplayMessage" : false,
      "hasContent" : false
    } ],
    "attachments" : [ ],
    "parameters" : [ ],
    "stepsCount" : 1,
    "attachmentsCount" : 0,
    "shouldDisplayMessage" : false,
    "hasContent" : true
  }, {
    "name" : "pytestconfig",
    "time" : {
      "start" : 1718720210375,
      "stop" : 1718720210375,
      "duration" : 0
    },
    "status" : "passed",
    "steps" : [ ],
    "attachments" : [ ],
    "parameters" : [ ],
    "stepsCount" : 0,
    "attachmentsCount" : 0,
    "shouldDisplayMessage" : false,
    "hasContent" : false
  }, {
    "name" : "_verify_url",
    "time" : {
      "start" : 1718720210353,
      "stop" : 1718720210353,
      "duration" : 0
    },
    "status" : "passed",
    "steps" : [ ],
    "attachments" : [ ],
    "parameters" : [ ],
    "stepsCount" : 0,
    "attachmentsCount" : 0,
    "shouldDisplayMessage" : false,
    "hasContent" : false
  }, {
    "name" : "base_url",
    "time" : {
      "start" : 1718720210353,
      "stop" : 1718720210353,
      "duration" : 0
    },
    "status" : "passed",
    "steps" : [ ],
    "attachments" : [ ],
    "parameters" : [ ],
    "stepsCount" : 0,
    "attachmentsCount" : 0,
    "shouldDisplayMessage" : false,
    "hasContent" : false
  }, {
    "name" : "delete_output_dir",
    "time" : {
      "start" : 1718720210375,
      "stop" : 1718720210375,
      "duration" : 0
    },
    "status" : "passed",
    "steps" : [ ],
    "attachments" : [ ],
    "parameters" : [ ],
    "stepsCount" : 0,
    "attachmentsCount" : 0,
    "shouldDisplayMessage" : false,
    "hasContent" : false
  }, {
    "name" : "register_page",
    "time" : {
      "start" : 1718721021561,
      "stop" : 1718721022060,
      "duration" : 499
    },
    "status" : "passed",
    "steps" : [ {
      "name" : "Click Account button on Header",
      "time" : {
        "start" : 1718721021561,
        "stop" : 1718721022006,
        "duration" : 445
      },
      "status" : "passed",
      "steps" : [ ],
      "attachments" : [ ],
      "parameters" : [ ],
      "stepsCount" : 0,
      "attachmentsCount" : 0,
      "shouldDisplayMessage" : false,
      "hasContent" : false
    }, {
      "name" : "Click Registration link",
      "time" : {
        "start" : 1718721022006,
        "stop" : 1718721022060,
        "duration" : 54
      },
      "status" : "passed",
      "steps" : [ ],
      "attachments" : [ ],
      "parameters" : [ ],
      "stepsCount" : 0,
      "attachmentsCount" : 0,
      "shouldDisplayMessage" : false,
      "hasContent" : false
    } ],
    "attachments" : [ ],
    "parameters" : [ ],
    "stepsCount" : 2,
    "attachmentsCount" : 0,
    "shouldDisplayMessage" : false,
    "hasContent" : true
  }, {
    "name" : "_session_faker",
    "time" : {
      "start" : 1718720210353,
      "stop" : 1718720210375,
      "duration" : 22
    },
    "status" : "passed",
    "steps" : [ ],
    "attachments" : [ ],
    "parameters" : [ ],
    "stepsCount" : 0,
    "attachmentsCount" : 0,
    "shouldDisplayMessage" : false,
    "hasContent" : false
  } ],
  "testStage" : {
    "description" : "Verify registration with a different invalid name values.",
    "status" : "failed",
    "statusMessage" : "AssertionError: Locator expected not to be visible\nActual value: True \nCall log:\nLocatorAssertions.not_to_be_visible with timeout 5000ms\n  - waiting for locator(\"//h2[contains(text(), 'Вход')]\")\n  -   locator resolved to <h2>Вход</h2>\n  -   unexpected value \"visible\"\n  -   locator resolved to <h2>Вход</h2>\n  -   unexpected value \"visible\"\n  -   locator resolved to <h2>Вход</h2>\n  -   unexpected value \"visible\"\n  -   locator resolved to <h2>Вход</h2>\n  -   unexpected value \"visible\"\n  -   locator resolved to <h2>Вход</h2>\n  -   unexpected value \"visible\"\n  -   locator resolved to <h2>Вход</h2>\n  -   unexpected value \"visible\"\n  -   locator resolved to <h2>Вход</h2>\n  -   unexpected value \"visible\"\n  -   locator resolved to <h2>Вход</h2>\n  -   unexpected value \"visible\"\n  -   locator resolved to <h2>Вход</h2>\n  -   unexpected value \"visible\"",
    "statusTrace" : "register_page = <Page url='https://stellarburgers.nomoreparties.site/login'>\nname = 'write ', mail = 'juan20@example.net', pwd = '593zCR'\n\n    @pytest.mark.parametrize(\"name, mail, pwd\", name_validation)\n    def test_register_name_validation(register_page, name, mail, pwd):\n        \"\"\"Verify registration with a different invalid name values.\"\"\"\n        REGISTER.set_register_fields(register_page, name, mail, pwd)\n    \n        with allure.step(\"User stays at Registration page.\"):\n>           expect(register_page.locator(LOGIN.TOP_TITLE)).not_to_be_visible()\nE           AssertionError: Locator expected not to be visible\nE           Actual value: True \nE           Call log:\nE           LocatorAssertions.not_to_be_visible with timeout 5000ms\nE             - waiting for locator(\"//h2[contains(text(), 'Вход')]\")\nE             -   locator resolved to <h2>Вход</h2>\nE             -   unexpected value \"visible\"\nE             -   locator resolved to <h2>Вход</h2>\nE             -   unexpected value \"visible\"\nE             -   locator resolved to <h2>Вход</h2>\nE             -   unexpected value \"visible\"\nE             -   locator resolved to <h2>Вход</h2>\nE             -   unexpected value \"visible\"\nE             -   locator resolved to <h2>Вход</h2>\nE             -   unexpected value \"visible\"\nE             -   locator resolved to <h2>Вход</h2>\nE             -   unexpected value \"visible\"\nE             -   locator resolved to <h2>Вход</h2>\nE             -   unexpected value \"visible\"\nE             -   locator resolved to <h2>Вход</h2>\nE             -   unexpected value \"visible\"\nE             -   locator resolved to <h2>Вход</h2>\nE             -   unexpected value \"visible\"\n\ntests/tests_ui/test_registration_page.py:124: AssertionError",
    "steps" : [ {
      "name" : "Fill in Login field",
      "time" : {
        "start" : 1718721022060,
        "stop" : 1718721022082,
        "duration" : 22
      },
      "status" : "passed",
      "steps" : [ ],
      "attachments" : [ ],
      "parameters" : [ ],
      "stepsCount" : 0,
      "attachmentsCount" : 0,
      "shouldDisplayMessage" : false,
      "hasContent" : false
    }, {
      "name" : "Fill in Email field",
      "time" : {
        "start" : 1718721022082,
        "stop" : 1718721022098,
        "duration" : 16
      },
      "status" : "passed",
      "steps" : [ ],
      "attachments" : [ ],
      "parameters" : [ ],
      "stepsCount" : 0,
      "attachmentsCount" : 0,
      "shouldDisplayMessage" : false,
      "hasContent" : false
    }, {
      "name" : "Fill in Password field",
      "time" : {
        "start" : 1718721022098,
        "stop" : 1718721022113,
        "duration" : 15
      },
      "status" : "passed",
      "steps" : [ ],
      "attachments" : [ ],
      "parameters" : [ ],
      "stepsCount" : 0,
      "attachmentsCount" : 0,
      "shouldDisplayMessage" : false,
      "hasContent" : false
    }, {
      "name" : "Click Registration button",
      "time" : {
        "start" : 1718721022113,
        "stop" : 1718721023160,
        "duration" : 1047
      },
      "status" : "passed",
      "steps" : [ ],
      "attachments" : [ ],
      "parameters" : [ ],
      "stepsCount" : 0,
      "attachmentsCount" : 0,
      "shouldDisplayMessage" : false,
      "hasContent" : false
    }, {
      "name" : "User stays at Registration page.",
      "time" : {
        "start" : 1718721023160,
        "stop" : 1718721028165,
        "duration" : 5005
      },
      "status" : "failed",
      "statusMessage" : "AssertionError: Locator expected not to be visible\nActual value: True \nCall log:\nLocatorAssertions.not_to_be_visible with timeout 5000ms\n  - waiting for locator(\"//h2[contains(text(), 'Вход')]\")\n  -   locator resolved to <h2>Вход</h2>\n  -   unexpected value \"visible\"\n  -   locator resolved to <h2>Вход</h2>\n  -   unexpected value \"visible\"\n  -   locator resolved to <h2>Вход</h2>\n  -   unexpected value \"visible\"\n  -   locator resolved to <h2>Вход</h2>\n  -   unexpected value \"visible\"\n  -   locator resolved to <h2>Вход</h2>\n  -   unexpected value \"visible\"\n  -   locator resolved to <h2>Вход</h2>\n  -   unexpected value \"visible\"\n  -   locator resolved to <h2>Вход</h2>\n  -   unexpected value \"visible\"\n  -   locator resolved to <h2>Вход</h2>\n  -   unexpected value \"visible\"\n  -   locator resolved to <h2>Вход</h2>\n  -   unexpected value \"visible\"\n\n",
      "statusTrace" : "  File \"/usr/workspace/tests/tests_ui/test_registration_page.py\", line 124, in test_register_name_validation\n    expect(register_page.locator(LOGIN.TOP_TITLE)).not_to_be_visible()\n  File \"/usr/local/lib/python3.11/site-packages/playwright/sync_api/_generated.py\", line 20924, in not_to_be_visible\n    self._sync(\n  File \"/usr/local/lib/python3.11/site-packages/playwright/_impl/_sync_base.py\", line 115, in _sync\n    return task.result()\n           ^^^^^^^^^^^^^\n  File \"/usr/local/lib/python3.11/site-packages/playwright/_impl/_assertions.py\", line 667, in not_to_be_visible\n    await self._not.to_be_visible(visible, timeout)\n  File \"/usr/local/lib/python3.11/site-packages/playwright/_impl/_assertions.py\", line 654, in to_be_visible\n    await self._expect_impl(\n  File \"/usr/local/lib/python3.11/site-packages/playwright/_impl/_assertions.py\", line 70, in _expect_impl\n    raise AssertionError(\n",
      "steps" : [ ],
      "attachments" : [ ],
      "parameters" : [ ],
      "stepsCount" : 0,
      "attachmentsCount" : 0,
      "shouldDisplayMessage" : true,
      "hasContent" : true
    } ],
    "attachments" : [ ],
    "parameters" : [ ],
    "stepsCount" : 5,
    "attachmentsCount" : 0,
    "shouldDisplayMessage" : true,
    "hasContent" : true
  },
  "afterStages" : [ {
    "name" : "page_browser::0",
    "time" : {
      "start" : 1718721028170,
      "stop" : 1718721028320,
      "duration" : 150
    },
    "status" : "passed",
    "steps" : [ ],
    "attachments" : [ {
      "uid" : "a14efd669961fe3a",
      "name" : "Screenshot_2024-06-18 14:30:28.263702",
      "source" : "a14efd669961fe3a.png",
      "type" : "image/png",
      "size" : 45425
    } ],
    "parameters" : [ ],
    "stepsCount" : 0,
    "attachmentsCount" : 1,
    "shouldDisplayMessage" : false,
    "hasContent" : true
  } ],
  "labels" : [ {
    "name" : "parentSuite",
    "value" : "tests_ui"
  }, {
    "name" : "suite",
    "value" : "test_registration_page"
  }, {
    "name" : "host",
    "value" : "932702603f7a"
  }, {
    "name" : "thread",
    "value" : "9-MainThread"
  }, {
    "name" : "framework",
    "value" : "pytest"
  }, {
    "name" : "language",
    "value" : "cpython3"
  }, {
    "name" : "package",
    "value" : "tests_ui.test_registration_page"
  }, {
    "name" : "resultFormat",
    "value" : "allure2"
  } ],
  "parameters" : [ {
    "name" : "mail",
    "value" : "'juan20@example.net'"
  }, {
    "name" : "name",
    "value" : "'write '"
  }, {
    "name" : "pwd",
    "value" : "'593zCR'"
  } ],
  "links" : [ ],
  "hidden" : false,
  "retry" : false,
  "extra" : {
    "severity" : "normal",
    "retries" : [ ],
    "categories" : [ {
      "name" : "Product defects",
      "matchedStatuses" : [ ],
      "flaky" : false
    } ],
    "tags" : [ ]
  },
  "source" : "889339819fc68d7e.json",
  "parameterValues" : [ "'juan20@example.net'", "'write '", "'593zCR'" ]
}