{
  "uid" : "8c42fad27ed8db28",
  "name" : "test_register_valid_user[Valid user credentials]",
  "fullName" : "tests_ui.test_registration_page#test_register_valid_user",
  "historyId" : "160f8bc281349b476752336b093d12a8",
  "time" : {
    "start" : 1718717618058,
    "stop" : 1718717624146,
    "duration" : 6088
  },
  "description" : "Verify registration with valid user credentials.",
  "descriptionHtml" : "<p>Verify registration with valid user credentials.</p>\n",
  "status" : "failed",
  "statusMessage" : "AssertionError: Locator expected to be visible\nActual value: None \nCall log:\nLocatorAssertions.to_be_visible with timeout 5000ms\n  - waiting for locator(\"//h2[contains(text(), 'Вход')]\")",
  "statusTrace" : "register_page = <Page url='https://stellarburgers.nomoreparties.site/register'>\nname = 'Laurie', mail = 'jonespatricia@example.com', pwd = '$2PPkRrrWI'\n\n    @pytest.mark.parametrize(\"name, mail, pwd\", valid_user_credentials)\n    def test_register_valid_user(register_page, name, mail, pwd):\n        \"\"\"Verify registration with valid user credentials.\"\"\"\n        REGISTER.set_register_fields(register_page, name, mail, pwd)\n    \n        with allure.step(\"User redirects to Login page.\"):\n>           expect(register_page.locator(LOGIN.TOP_TITLE)).to_be_visible()\nE           AssertionError: Locator expected to be visible\nE           Actual value: None \nE           Call log:\nE           LocatorAssertions.to_be_visible with timeout 5000ms\nE             - waiting for locator(\"//h2[contains(text(), 'Вход')]\")\n\ntests/tests_ui/test_registration_page.py:168: AssertionError",
  "flaky" : false,
  "newFailed" : false,
  "beforeStages" : [ {
    "name" : "_verify_url",
    "time" : {
      "start" : 1718716534371,
      "stop" : 1718716534371,
      "duration" : 0
    },
    "status" : "passed",
    "steps" : [ ],
    "attachments" : [ ],
    "parameters" : [ ],
    "stepsCount" : 0,
    "attachmentsCount" : 0,
    "shouldDisplayMessage" : false,
    "hasContent" : false
  }, {
    "name" : "page_browser",
    "time" : {
      "start" : 1718717616656,
      "stop" : 1718717617597,
      "duration" : 941
    },
    "status" : "passed",
    "steps" : [ {
      "name" : "Go to site",
      "time" : {
        "start" : 1718717617042,
        "stop" : 1718717617597,
        "duration" : 555
      },
      "status" : "passed",
      "steps" : [ ],
      "attachments" : [ ],
      "parameters" : [ ],
      "stepsCount" : 0,
      "attachmentsCount" : 0,
      "shouldDisplayMessage" : false,
      "hasContent" : false
    } ],
    "attachments" : [ ],
    "parameters" : [ ],
    "stepsCount" : 1,
    "attachmentsCount" : 0,
    "shouldDisplayMessage" : false,
    "hasContent" : true
  }, {
    "name" : "pytestconfig",
    "time" : {
      "start" : 1718716534371,
      "stop" : 1718716534372,
      "duration" : 1
    },
    "status" : "passed",
    "steps" : [ ],
    "attachments" : [ ],
    "parameters" : [ ],
    "stepsCount" : 0,
    "attachmentsCount" : 0,
    "shouldDisplayMessage" : false,
    "hasContent" : false
  }, {
    "name" : "delete_output_dir",
    "time" : {
      "start" : 1718716534372,
      "stop" : 1718716534372,
      "duration" : 0
    },
    "status" : "passed",
    "steps" : [ ],
    "attachments" : [ ],
    "parameters" : [ ],
    "stepsCount" : 0,
    "attachmentsCount" : 0,
    "shouldDisplayMessage" : false,
    "hasContent" : false
  }, {
    "name" : "_session_faker",
    "time" : {
      "start" : 1718716534372,
      "stop" : 1718716534393,
      "duration" : 21
    },
    "status" : "passed",
    "steps" : [ ],
    "attachments" : [ ],
    "parameters" : [ ],
    "stepsCount" : 0,
    "attachmentsCount" : 0,
    "shouldDisplayMessage" : false,
    "hasContent" : false
  }, {
    "name" : "base_url",
    "time" : {
      "start" : 1718716534371,
      "stop" : 1718716534371,
      "duration" : 0
    },
    "status" : "passed",
    "steps" : [ ],
    "attachments" : [ ],
    "parameters" : [ ],
    "stepsCount" : 0,
    "attachmentsCount" : 0,
    "shouldDisplayMessage" : false,
    "hasContent" : false
  }, {
    "name" : "register_page",
    "time" : {
      "start" : 1718717617597,
      "stop" : 1718717618058,
      "duration" : 461
    },
    "status" : "passed",
    "steps" : [ {
      "name" : "Click Account button on Header",
      "time" : {
        "start" : 1718717617597,
        "stop" : 1718717618021,
        "duration" : 424
      },
      "status" : "passed",
      "steps" : [ ],
      "attachments" : [ ],
      "parameters" : [ ],
      "stepsCount" : 0,
      "attachmentsCount" : 0,
      "shouldDisplayMessage" : false,
      "hasContent" : false
    }, {
      "name" : "Click Registration link",
      "time" : {
        "start" : 1718717618021,
        "stop" : 1718717618058,
        "duration" : 37
      },
      "status" : "passed",
      "steps" : [ ],
      "attachments" : [ ],
      "parameters" : [ ],
      "stepsCount" : 0,
      "attachmentsCount" : 0,
      "shouldDisplayMessage" : false,
      "hasContent" : false
    } ],
    "attachments" : [ ],
    "parameters" : [ ],
    "stepsCount" : 2,
    "attachmentsCount" : 0,
    "shouldDisplayMessage" : false,
    "hasContent" : true
  } ],
  "testStage" : {
    "description" : "Verify registration with valid user credentials.",
    "status" : "failed",
    "statusMessage" : "AssertionError: Locator expected to be visible\nActual value: None \nCall log:\nLocatorAssertions.to_be_visible with timeout 5000ms\n  - waiting for locator(\"//h2[contains(text(), 'Вход')]\")",
    "statusTrace" : "register_page = <Page url='https://stellarburgers.nomoreparties.site/register'>\nname = 'Laurie', mail = 'jonespatricia@example.com', pwd = '$2PPkRrrWI'\n\n    @pytest.mark.parametrize(\"name, mail, pwd\", valid_user_credentials)\n    def test_register_valid_user(register_page, name, mail, pwd):\n        \"\"\"Verify registration with valid user credentials.\"\"\"\n        REGISTER.set_register_fields(register_page, name, mail, pwd)\n    \n        with allure.step(\"User redirects to Login page.\"):\n>           expect(register_page.locator(LOGIN.TOP_TITLE)).to_be_visible()\nE           AssertionError: Locator expected to be visible\nE           Actual value: None \nE           Call log:\nE           LocatorAssertions.to_be_visible with timeout 5000ms\nE             - waiting for locator(\"//h2[contains(text(), 'Вход')]\")\n\ntests/tests_ui/test_registration_page.py:168: AssertionError",
    "steps" : [ {
      "name" : "Fill in Login field",
      "time" : {
        "start" : 1718717618058,
        "stop" : 1718717618078,
        "duration" : 20
      },
      "status" : "passed",
      "steps" : [ ],
      "attachments" : [ ],
      "parameters" : [ ],
      "stepsCount" : 0,
      "attachmentsCount" : 0,
      "shouldDisplayMessage" : false,
      "hasContent" : false
    }, {
      "name" : "Fill in Email field",
      "time" : {
        "start" : 1718717618078,
        "stop" : 1718717618092,
        "duration" : 14
      },
      "status" : "passed",
      "steps" : [ ],
      "attachments" : [ ],
      "parameters" : [ ],
      "stepsCount" : 0,
      "attachmentsCount" : 0,
      "shouldDisplayMessage" : false,
      "hasContent" : false
    }, {
      "name" : "Fill in Password field",
      "time" : {
        "start" : 1718717618092,
        "stop" : 1718717618106,
        "duration" : 14
      },
      "status" : "passed",
      "steps" : [ ],
      "attachments" : [ ],
      "parameters" : [ ],
      "stepsCount" : 0,
      "attachmentsCount" : 0,
      "shouldDisplayMessage" : false,
      "hasContent" : false
    }, {
      "name" : "Click Registration button",
      "time" : {
        "start" : 1718717618106,
        "stop" : 1718717619142,
        "duration" : 1036
      },
      "status" : "passed",
      "steps" : [ ],
      "attachments" : [ ],
      "parameters" : [ ],
      "stepsCount" : 0,
      "attachmentsCount" : 0,
      "shouldDisplayMessage" : false,
      "hasContent" : false
    }, {
      "name" : "User redirects to Login page.",
      "time" : {
        "start" : 1718717619142,
        "stop" : 1718717624145,
        "duration" : 5003
      },
      "status" : "failed",
      "statusMessage" : "AssertionError: Locator expected to be visible\nActual value: None \nCall log:\nLocatorAssertions.to_be_visible with timeout 5000ms\n  - waiting for locator(\"//h2[contains(text(), 'Вход')]\")\n\n",
      "statusTrace" : "  File \"/usr/workspace/tests/tests_ui/test_registration_page.py\", line 168, in test_register_valid_user\n    expect(register_page.locator(LOGIN.TOP_TITLE)).to_be_visible()\n  File \"/usr/local/lib/python3.11/site-packages/playwright/sync_api/_generated.py\", line 20902, in to_be_visible\n    self._sync(self._impl_obj.to_be_visible(visible=visible, timeout=timeout))\n  File \"/usr/local/lib/python3.11/site-packages/playwright/_impl/_sync_base.py\", line 115, in _sync\n    return task.result()\n           ^^^^^^^^^^^^^\n  File \"/usr/local/lib/python3.11/site-packages/playwright/_impl/_assertions.py\", line 654, in to_be_visible\n    await self._expect_impl(\n  File \"/usr/local/lib/python3.11/site-packages/playwright/_impl/_assertions.py\", line 70, in _expect_impl\n    raise AssertionError(\n",
      "steps" : [ ],
      "attachments" : [ ],
      "parameters" : [ ],
      "stepsCount" : 0,
      "attachmentsCount" : 0,
      "shouldDisplayMessage" : true,
      "hasContent" : true
    } ],
    "attachments" : [ ],
    "parameters" : [ ],
    "stepsCount" : 5,
    "attachmentsCount" : 0,
    "shouldDisplayMessage" : true,
    "hasContent" : true
  },
  "afterStages" : [ {
    "name" : "page_browser::0",
    "time" : {
      "start" : 1718717624150,
      "stop" : 1718717624287,
      "duration" : 137
    },
    "status" : "passed",
    "steps" : [ ],
    "attachments" : [ {
      "uid" : "7ad94d4562ed562b",
      "name" : "Screenshot_2024-06-18 13:33:44.253574",
      "source" : "7ad94d4562ed562b.png",
      "type" : "image/png",
      "size" : 71938
    } ],
    "parameters" : [ ],
    "stepsCount" : 0,
    "attachmentsCount" : 1,
    "shouldDisplayMessage" : false,
    "hasContent" : true
  } ],
  "labels" : [ {
    "name" : "parentSuite",
    "value" : "tests_ui"
  }, {
    "name" : "suite",
    "value" : "test_registration_page"
  }, {
    "name" : "host",
    "value" : "87274ff0cc76"
  }, {
    "name" : "thread",
    "value" : "8-MainThread"
  }, {
    "name" : "framework",
    "value" : "pytest"
  }, {
    "name" : "language",
    "value" : "cpython3"
  }, {
    "name" : "package",
    "value" : "tests_ui.test_registration_page"
  }, {
    "name" : "resultFormat",
    "value" : "allure2"
  } ],
  "parameters" : [ {
    "name" : "mail",
    "value" : "'jonespatricia@example.com'"
  }, {
    "name" : "name",
    "value" : "'Laurie'"
  }, {
    "name" : "pwd",
    "value" : "'$2PPkRrrWI'"
  } ],
  "links" : [ ],
  "hidden" : false,
  "retry" : false,
  "extra" : {
    "severity" : "normal",
    "retries" : [ ],
    "categories" : [ {
      "name" : "Product defects",
      "matchedStatuses" : [ ],
      "flaky" : false
    } ],
    "tags" : [ ]
  },
  "source" : "8c42fad27ed8db28.json",
  "parameterValues" : [ "'jonespatricia@example.com'", "'Laurie'", "'$2PPkRrrWI'" ]
}