{
  "uid" : "c2294da3358010db",
  "name" : "test_register_name_validation[User post_login with 2 strings]",
  "fullName" : "tests_ui.test_registration_page#test_register_name_validation",
  "historyId" : "9a3d0e2d2e02e7f3bc2e56332cafe4fd",
  "time" : {
    "start" : 1718746979916,
    "stop" : 1718746986020,
    "duration" : 6104
  },
  "description" : "Verify registration with a different invalid name values.",
  "descriptionHtml" : "<p>Verify registration with a different invalid name values.</p>\n",
  "status" : "failed",
  "statusMessage" : "AssertionError: Locator expected not to be visible\nActual value: True \nCall log:\nLocatorAssertions.not_to_be_visible with timeout 5000ms\n  - waiting for locator(\"//h2[contains(text(), 'Вход')]\")\n  -   locator resolved to <h2>Вход</h2>\n  -   unexpected value \"visible\"\n  -   locator resolved to <h2>Вход</h2>\n  -   unexpected value \"visible\"\n  -   locator resolved to <h2>Вход</h2>\n  -   unexpected value \"visible\"\n  -   locator resolved to <h2>Вход</h2>\n  -   unexpected value \"visible\"\n  -   locator resolved to <h2>Вход</h2>\n  -   unexpected value \"visible\"\n  -   locator resolved to <h2>Вход</h2>\n  -   unexpected value \"visible\"\n  -   locator resolved to <h2>Вход</h2>\n  -   unexpected value \"visible\"\n  -   locator resolved to <h2>Вход</h2>\n  -   unexpected value \"visible\"\n  -   locator resolved to <h2>Вход</h2>\n  -   unexpected value \"visible\"",
  "statusTrace" : "register_page = <Page url='https://stellarburgers.nomoreparties.site/login'>\nname = 'notice mean', mail = 'angela14@example.net', pwd = 'UebKBH'\n\n    @pytest.mark.parametrize(\"name, mail, pwd\", name_validation)\n    def test_register_name_validation(register_page, name, mail, pwd):\n        \"\"\"Verify registration with a different invalid name values.\"\"\"\n        REGISTER.set_register_fields(register_page, name, mail, pwd)\n    \n        with allure.step(\"User stays at Registration page.\"):\n>           expect(register_page.locator(LOGIN.TOP_TITLE)).not_to_be_visible()\nE           AssertionError: Locator expected not to be visible\nE           Actual value: True \nE           Call log:\nE           LocatorAssertions.not_to_be_visible with timeout 5000ms\nE             - waiting for locator(\"//h2[contains(text(), 'Вход')]\")\nE             -   locator resolved to <h2>Вход</h2>\nE             -   unexpected value \"visible\"\nE             -   locator resolved to <h2>Вход</h2>\nE             -   unexpected value \"visible\"\nE             -   locator resolved to <h2>Вход</h2>\nE             -   unexpected value \"visible\"\nE             -   locator resolved to <h2>Вход</h2>\nE             -   unexpected value \"visible\"\nE             -   locator resolved to <h2>Вход</h2>\nE             -   unexpected value \"visible\"\nE             -   locator resolved to <h2>Вход</h2>\nE             -   unexpected value \"visible\"\nE             -   locator resolved to <h2>Вход</h2>\nE             -   unexpected value \"visible\"\nE             -   locator resolved to <h2>Вход</h2>\nE             -   unexpected value \"visible\"\nE             -   locator resolved to <h2>Вход</h2>\nE             -   unexpected value \"visible\"\n\ntests/tests_ui/test_registration_page.py:124: AssertionError",
  "flaky" : false,
  "newFailed" : false,
  "beforeStages" : [ {
    "name" : "register_page",
    "time" : {
      "start" : 1718746979434,
      "stop" : 1718746979916,
      "duration" : 482
    },
    "status" : "passed",
    "steps" : [ {
      "name" : "Click Account button on Header",
      "time" : {
        "start" : 1718746979434,
        "stop" : 1718746979862,
        "duration" : 428
      },
      "status" : "passed",
      "steps" : [ ],
      "attachments" : [ ],
      "parameters" : [ ],
      "stepsCount" : 0,
      "attachmentsCount" : 0,
      "shouldDisplayMessage" : false,
      "hasContent" : false
    }, {
      "name" : "Click Registration link",
      "time" : {
        "start" : 1718746979862,
        "stop" : 1718746979916,
        "duration" : 54
      },
      "status" : "passed",
      "steps" : [ ],
      "attachments" : [ ],
      "parameters" : [ ],
      "stepsCount" : 0,
      "attachmentsCount" : 0,
      "shouldDisplayMessage" : false,
      "hasContent" : false
    } ],
    "attachments" : [ ],
    "parameters" : [ ],
    "stepsCount" : 2,
    "attachmentsCount" : 0,
    "shouldDisplayMessage" : false,
    "hasContent" : true
  }, {
    "name" : "page_browser",
    "time" : {
      "start" : 1718746978253,
      "stop" : 1718746979434,
      "duration" : 1181
    },
    "status" : "passed",
    "steps" : [ {
      "name" : "Go to site",
      "time" : {
        "start" : 1718746978650,
        "stop" : 1718746979434,
        "duration" : 784
      },
      "status" : "passed",
      "steps" : [ ],
      "attachments" : [ ],
      "parameters" : [ ],
      "stepsCount" : 0,
      "attachmentsCount" : 0,
      "shouldDisplayMessage" : false,
      "hasContent" : false
    } ],
    "attachments" : [ ],
    "parameters" : [ ],
    "stepsCount" : 1,
    "attachmentsCount" : 0,
    "shouldDisplayMessage" : false,
    "hasContent" : true
  }, {
    "name" : "base_url",
    "time" : {
      "start" : 1718746215226,
      "stop" : 1718746215226,
      "duration" : 0
    },
    "status" : "passed",
    "steps" : [ ],
    "attachments" : [ ],
    "parameters" : [ ],
    "stepsCount" : 0,
    "attachmentsCount" : 0,
    "shouldDisplayMessage" : false,
    "hasContent" : false
  }, {
    "name" : "_verify_url",
    "time" : {
      "start" : 1718746215226,
      "stop" : 1718746215226,
      "duration" : 0
    },
    "status" : "passed",
    "steps" : [ ],
    "attachments" : [ ],
    "parameters" : [ ],
    "stepsCount" : 0,
    "attachmentsCount" : 0,
    "shouldDisplayMessage" : false,
    "hasContent" : false
  }, {
    "name" : "_session_faker",
    "time" : {
      "start" : 1718746215226,
      "stop" : 1718746215248,
      "duration" : 22
    },
    "status" : "passed",
    "steps" : [ ],
    "attachments" : [ ],
    "parameters" : [ ],
    "stepsCount" : 0,
    "attachmentsCount" : 0,
    "shouldDisplayMessage" : false,
    "hasContent" : false
  }, {
    "name" : "pytestconfig",
    "time" : {
      "start" : 1718746215226,
      "stop" : 1718746215226,
      "duration" : 0
    },
    "status" : "passed",
    "steps" : [ ],
    "attachments" : [ ],
    "parameters" : [ ],
    "stepsCount" : 0,
    "attachmentsCount" : 0,
    "shouldDisplayMessage" : false,
    "hasContent" : false
  }, {
    "name" : "delete_output_dir",
    "time" : {
      "start" : 1718746215226,
      "stop" : 1718746215226,
      "duration" : 0
    },
    "status" : "passed",
    "steps" : [ ],
    "attachments" : [ ],
    "parameters" : [ ],
    "stepsCount" : 0,
    "attachmentsCount" : 0,
    "shouldDisplayMessage" : false,
    "hasContent" : false
  } ],
  "testStage" : {
    "description" : "Verify registration with a different invalid name values.",
    "status" : "failed",
    "statusMessage" : "AssertionError: Locator expected not to be visible\nActual value: True \nCall log:\nLocatorAssertions.not_to_be_visible with timeout 5000ms\n  - waiting for locator(\"//h2[contains(text(), 'Вход')]\")\n  -   locator resolved to <h2>Вход</h2>\n  -   unexpected value \"visible\"\n  -   locator resolved to <h2>Вход</h2>\n  -   unexpected value \"visible\"\n  -   locator resolved to <h2>Вход</h2>\n  -   unexpected value \"visible\"\n  -   locator resolved to <h2>Вход</h2>\n  -   unexpected value \"visible\"\n  -   locator resolved to <h2>Вход</h2>\n  -   unexpected value \"visible\"\n  -   locator resolved to <h2>Вход</h2>\n  -   unexpected value \"visible\"\n  -   locator resolved to <h2>Вход</h2>\n  -   unexpected value \"visible\"\n  -   locator resolved to <h2>Вход</h2>\n  -   unexpected value \"visible\"\n  -   locator resolved to <h2>Вход</h2>\n  -   unexpected value \"visible\"",
    "statusTrace" : "register_page = <Page url='https://stellarburgers.nomoreparties.site/login'>\nname = 'notice mean', mail = 'angela14@example.net', pwd = 'UebKBH'\n\n    @pytest.mark.parametrize(\"name, mail, pwd\", name_validation)\n    def test_register_name_validation(register_page, name, mail, pwd):\n        \"\"\"Verify registration with a different invalid name values.\"\"\"\n        REGISTER.set_register_fields(register_page, name, mail, pwd)\n    \n        with allure.step(\"User stays at Registration page.\"):\n>           expect(register_page.locator(LOGIN.TOP_TITLE)).not_to_be_visible()\nE           AssertionError: Locator expected not to be visible\nE           Actual value: True \nE           Call log:\nE           LocatorAssertions.not_to_be_visible with timeout 5000ms\nE             - waiting for locator(\"//h2[contains(text(), 'Вход')]\")\nE             -   locator resolved to <h2>Вход</h2>\nE             -   unexpected value \"visible\"\nE             -   locator resolved to <h2>Вход</h2>\nE             -   unexpected value \"visible\"\nE             -   locator resolved to <h2>Вход</h2>\nE             -   unexpected value \"visible\"\nE             -   locator resolved to <h2>Вход</h2>\nE             -   unexpected value \"visible\"\nE             -   locator resolved to <h2>Вход</h2>\nE             -   unexpected value \"visible\"\nE             -   locator resolved to <h2>Вход</h2>\nE             -   unexpected value \"visible\"\nE             -   locator resolved to <h2>Вход</h2>\nE             -   unexpected value \"visible\"\nE             -   locator resolved to <h2>Вход</h2>\nE             -   unexpected value \"visible\"\nE             -   locator resolved to <h2>Вход</h2>\nE             -   unexpected value \"visible\"\n\ntests/tests_ui/test_registration_page.py:124: AssertionError",
    "steps" : [ {
      "name" : "Fill in Login field",
      "time" : {
        "start" : 1718746979916,
        "stop" : 1718746979939,
        "duration" : 23
      },
      "status" : "passed",
      "steps" : [ ],
      "attachments" : [ ],
      "parameters" : [ ],
      "stepsCount" : 0,
      "attachmentsCount" : 0,
      "shouldDisplayMessage" : false,
      "hasContent" : false
    }, {
      "name" : "Fill in Email field",
      "time" : {
        "start" : 1718746979939,
        "stop" : 1718746979956,
        "duration" : 17
      },
      "status" : "passed",
      "steps" : [ ],
      "attachments" : [ ],
      "parameters" : [ ],
      "stepsCount" : 0,
      "attachmentsCount" : 0,
      "shouldDisplayMessage" : false,
      "hasContent" : false
    }, {
      "name" : "Fill in Password field",
      "time" : {
        "start" : 1718746979956,
        "stop" : 1718746979971,
        "duration" : 15
      },
      "status" : "passed",
      "steps" : [ ],
      "attachments" : [ ],
      "parameters" : [ ],
      "stepsCount" : 0,
      "attachmentsCount" : 0,
      "shouldDisplayMessage" : false,
      "hasContent" : false
    }, {
      "name" : "Click Registration button",
      "time" : {
        "start" : 1718746979971,
        "stop" : 1718746981016,
        "duration" : 1045
      },
      "status" : "passed",
      "steps" : [ ],
      "attachments" : [ ],
      "parameters" : [ ],
      "stepsCount" : 0,
      "attachmentsCount" : 0,
      "shouldDisplayMessage" : false,
      "hasContent" : false
    }, {
      "name" : "User stays at Registration page.",
      "time" : {
        "start" : 1718746981016,
        "stop" : 1718746986020,
        "duration" : 5004
      },
      "status" : "failed",
      "statusMessage" : "AssertionError: Locator expected not to be visible\nActual value: True \nCall log:\nLocatorAssertions.not_to_be_visible with timeout 5000ms\n  - waiting for locator(\"//h2[contains(text(), 'Вход')]\")\n  -   locator resolved to <h2>Вход</h2>\n  -   unexpected value \"visible\"\n  -   locator resolved to <h2>Вход</h2>\n  -   unexpected value \"visible\"\n  -   locator resolved to <h2>Вход</h2>\n  -   unexpected value \"visible\"\n  -   locator resolved to <h2>Вход</h2>\n  -   unexpected value \"visible\"\n  -   locator resolved to <h2>Вход</h2>\n  -   unexpected value \"visible\"\n  -   locator resolved to <h2>Вход</h2>\n  -   unexpected value \"visible\"\n  -   locator resolved to <h2>Вход</h2>\n  -   unexpected value \"visible\"\n  -   locator resolved to <h2>Вход</h2>\n  -   unexpected value \"visible\"\n  -   locator resolved to <h2>Вход</h2>\n  -   unexpected value \"visible\"\n\n",
      "statusTrace" : "  File \"/usr/workspace/tests/tests_ui/test_registration_page.py\", line 124, in test_register_name_validation\n    expect(register_page.locator(LOGIN.TOP_TITLE)).not_to_be_visible()\n  File \"/usr/local/lib/python3.11/site-packages/playwright/sync_api/_generated.py\", line 20924, in not_to_be_visible\n    self._sync(\n  File \"/usr/local/lib/python3.11/site-packages/playwright/_impl/_sync_base.py\", line 115, in _sync\n    return task.result()\n           ^^^^^^^^^^^^^\n  File \"/usr/local/lib/python3.11/site-packages/playwright/_impl/_assertions.py\", line 667, in not_to_be_visible\n    await self._not.to_be_visible(visible, timeout)\n  File \"/usr/local/lib/python3.11/site-packages/playwright/_impl/_assertions.py\", line 654, in to_be_visible\n    await self._expect_impl(\n  File \"/usr/local/lib/python3.11/site-packages/playwright/_impl/_assertions.py\", line 70, in _expect_impl\n    raise AssertionError(\n",
      "steps" : [ ],
      "attachments" : [ ],
      "parameters" : [ ],
      "stepsCount" : 0,
      "attachmentsCount" : 0,
      "shouldDisplayMessage" : true,
      "hasContent" : true
    } ],
    "attachments" : [ ],
    "parameters" : [ ],
    "stepsCount" : 5,
    "attachmentsCount" : 0,
    "shouldDisplayMessage" : true,
    "hasContent" : true
  },
  "afterStages" : [ {
    "name" : "page_browser::0",
    "time" : {
      "start" : 1718746986025,
      "stop" : 1718746986154,
      "duration" : 129
    },
    "status" : "passed",
    "steps" : [ ],
    "attachments" : [ {
      "uid" : "cf2f7dae4d9e28bb",
      "name" : "Screenshot_2024-06-18 21:43:06.120426",
      "source" : "cf2f7dae4d9e28bb.png",
      "type" : "image/png",
      "size" : 45425
    } ],
    "parameters" : [ ],
    "stepsCount" : 0,
    "attachmentsCount" : 1,
    "shouldDisplayMessage" : false,
    "hasContent" : true
  } ],
  "labels" : [ {
    "name" : "parentSuite",
    "value" : "tests_ui"
  }, {
    "name" : "suite",
    "value" : "test_registration_page"
  }, {
    "name" : "host",
    "value" : "578d3966b87e"
  }, {
    "name" : "thread",
    "value" : "8-MainThread"
  }, {
    "name" : "framework",
    "value" : "pytest"
  }, {
    "name" : "language",
    "value" : "cpython3"
  }, {
    "name" : "package",
    "value" : "tests_ui.test_registration_page"
  }, {
    "name" : "resultFormat",
    "value" : "allure2"
  } ],
  "parameters" : [ {
    "name" : "mail",
    "value" : "'angela14@example.net'"
  }, {
    "name" : "name",
    "value" : "'notice mean'"
  }, {
    "name" : "pwd",
    "value" : "'UebKBH'"
  } ],
  "links" : [ ],
  "hidden" : false,
  "retry" : false,
  "extra" : {
    "severity" : "normal",
    "retries" : [ ],
    "categories" : [ {
      "name" : "Product defects",
      "matchedStatuses" : [ ],
      "flaky" : false
    } ],
    "tags" : [ ]
  },
  "source" : "c2294da3358010db.json",
  "parameterValues" : [ "'angela14@example.net'", "'notice mean'", "'UebKBH'" ]
}